[14:37:20]  ########## Start of work program! ##########
[14:37:20]  Version: 1.0.10.995; Build: 07.07.2011
[14:37:20]  CrashDump System! DbgHelp.dll 5.1 or later!
[14:37:20]  CrashDump System! FolderPath: 'C:\muserver\CS\';
[14:37:20]  CrashDump System - Successfully installed.
[14:37:20]   64-bit
[14:37:20]  Config data load success.
[14:37:20]  Protocol version: 20050502; (0.98.* - 1.05.*)
[14:37:20]  Active Servers: 1
[14:37:20]  BoR_ServerList.dat load success
[14:37:20]  Data from file 'BoR_WZ_ServerInfo.ini' load success.
[14:37:20]  Enabled for premature testing of new connections.
[14:37:20]  TCP Recv Socket Initialize Success. Port: 44405;
[14:37:20]  Run I/O Completion Port System. (2 working threads)
[14:37:20]  UDP Recv Socket Initialize Success. Port: 55557;
[14:37:20]  # Current settings:
[14:37:20]  - PortTCP: 44405;
[14:37:20]  - PortUDP: 55557;
[14:37:20]  - WriteLog: Enabled;
[14:37:20]  - ProtocolMode: 2;
[14:37:20]  - MultipleConnections: Enabled;
[14:37:20]  - MaxConnections: 10;
