[14:33:14]  ########## Start of work program! ##########
[14:33:14]  Version: 1.0.10.995; Build: 07.07.2011
[14:33:14]  CrashDump System! DbgHelp.dll 5.1 or later!
[14:33:14]  CrashDump System! FolderPath: 'C:\muserver\CS\';
[14:33:14]  CrashDump System - Successfully installed.
[14:33:14]   64-bit
[14:33:14]  Config data load success.
[14:33:14]  Protocol version: 20050502; (0.98.* - 1.05.*)
[14:33:14]  Active Servers: 1
[14:33:14]  BoR_ServerList.dat load success
[14:33:14]  Data from file 'BoR_WZ_ServerInfo.ini' load success.
[14:33:14]  Enabled for premature testing of new connections.
[14:33:14]  TCP Recv Socket Initialize Success. Port: 44405;
[14:33:14]  Run I/O Completion Port System. (2 working threads)
[14:33:14]  UDP Recv Socket Initialize Success. Port: 55557;
[14:33:14]  # Current settings:
[14:33:14]  - PortTCP: 44405;
[14:33:14]  - PortUDP: 55557;
[14:33:14]  - WriteLog: Enabled;
[14:33:14]  - ProtocolMode: 2;
[14:33:14]  - MultipleConnections: Enabled;
[14:33:14]  - MaxConnections: 10;
